#
# There is insufficient memory for the Java Runtime Environment to continue.
# Native memory allocation (mmap) failed to map 130023424 bytes. Error detail: G1 virtual space
# Possible reasons:
#   The system is out of physical RAM or swap space
#   This process is running with CompressedOops enabled, and the Java Heap may be blocking the growth of the native heap
# Possible solutions:
#   Reduce memory load on the system
#   Increase physical memory or swap space
#   Check if swap backing store is full
#   Decrease Java heap size (-Xmx/-Xms)
#   Decrease number of Java threads
#   Decrease Java thread stack sizes (-Xss)
#   Set larger code cache with -XX:ReservedCodeCacheSize=
#   JVM is running with Unscaled Compressed Oops mode in which the Java heap is
#     placed in the first 4GB address space. The Java Heap base address is the
#     maximum limit for the native heap growth. Please use -XX:HeapBaseMinAddress
#     to set the Java Heap base and to place the Java Heap above 4GB virtual address.
# This output file may be truncated or incomplete.
#
#  Out of Memory Error (os_windows.cpp:3825), pid=38792, tid=56976
#
# JRE version:  (17.0.11) (build )
# Java VM: OpenJDK 64-Bit Server VM (17.0.11+0--11852314, mixed mode, sharing, tiered, compressed oops, compressed class ptrs, g1 gc, windows-amd64)
# No core dump will be written. Minidumps are not enabled by default on client versions of Windows
#

---------------  S U M M A R Y ------------

Command Line: -Djava.awt.headless=true -Djava.library.path=C:\Program Files\Android\Android Studio\jbr\bin;C:\Windows\Sun\Java\bin;C:\Windows\system32;C:\Windows;C:\Users\andre\AppData\Local\Programs\Python\Python312\Scripts;C:\Program Files (x86)\VMware\VMware Workstation\bin\;C:\Program Files\Java\jdk-17\bin;C:\Program Files\Common Files\Oracle\Java\javapath;C:\Windows\system32;C:\Windows;C:\Windows\System32\Wbem;C:\Windows\System32\WindowsPowerShell\v1.0\;C:\Windows\System32\OpenSSH\;C:\Program Files (x86)\NVIDIA Corporation\PhysX\Common;C:\Program Files\NVIDIA Corporation\NVIDIA NvDLISR;C:\Program Files\Java\jdk-22\bin;C:\apache-maven-3.9.9\bin;C:\Users\andre\AppData\Local\Programs\Python\Launcher\;C:\Program Files\Git\cmd;C:\Users\andre\AppData\Local\Programs\Python\Python312\Scripts\;C:\Users\andre\AppData\Local\Programs\Python\Python312\;C:\Users\andre\AppData\Local\Programs\Python\Launcher\;C:\Users\andre\AppData\Local\Microsoft\WindowsApps;C:\Program Files\Java\jdk-22\bin;C:\Program Files\JetBrains\IntelliJ IDEA Community Edition 2024.2.0.2\bin;;C:\Users\andre\AppData\Local\Programs\Microsoft VS Code\bin;C:\Program Files\JetBrains\IntelliJ IDEA 2024.2.0.2\bin;;;.;C:\trabajos tecsup\programacion moviles\LaboratorioCalificado01\app\src\testDebug\jniLibs;C:\trabajos tecsup\programacion moviles\LaboratorioCalificado01\app\src\test\jniLibs -Dorg.gradle.internal.worker.tmpdir=C:\trabajos tecsup\programacion moviles\LaboratorioCalificado01\app\build\tmp\testDebugUnitTest\work -Dorg.gradle.native=false -Xmx512m -Dfile.encoding=UTF-8 -Duser.country=PE -Duser.language=es -Duser.variant -ea worker.org.gradle.process.internal.worker.GradleWorkerMain 'Gradle Test Executor 1'

Host: 13th Gen Intel(R) Core(TM) i5-13420H, 12 cores, 7G,  Windows 11 , 64 bit Build 22621 (10.0.22621.3958)
Time: Mon Sep 23 21:10:03 2024 Hora est. Pacífico, Sudamérica elapsed time: 0.025864 seconds (0d 0h 0m 0s)

---------------  T H R E A D  ---------------

Current thread (0x000001916c798110):  JavaThread "Unknown thread" [_thread_in_vm, id=56976, stack(0x000000420a800000,0x000000420a900000)]

Stack: [0x000000420a800000,0x000000420a900000]
Native frames: (J=compiled Java code, j=interpreted, Vv=VM code, C=native code)
V  [jvm.dll+0x687bb9]
V  [jvm.dll+0x84142a]
V  [jvm.dll+0x8430ae]
V  [jvm.dll+0x843713]
V  [jvm.dll+0x24a35f]
V  [jvm.dll+0x684989]
V  [jvm.dll+0x67923a]
V  [jvm.dll+0x30af0b]
V  [jvm.dll+0x3123b6]
V  [jvm.dll+0x361dfe]
V  [jvm.dll+0x36202f]
V  [jvm.dll+0x2e0d38]
V  [jvm.dll+0x2e1ca4]
V  [jvm.dll+0x811f21]
V  [jvm.dll+0x36fb68]
V  [jvm.dll+0x7f0896]
V  [jvm.dll+0x3f3d2f]
V  [jvm.dll+0x3f58e1]
C  [jli.dll+0x528f]
C  [ucrtbase.dll+0x29333]
C  [KERNEL32.DLL+0x1257d]
C  [ntdll.dll+0x5af28]


---------------  P R O C E S S  ---------------

Threads class SMR info:
_java_thread_list=0x00007ff9df45efd8, length=0, elements={
}

Java Threads: ( => current thread )

Other Threads:
  0x000001916c7d4c10 GCTaskThread "GC Thread#0" [stack: 0x000000420a900000,0x000000420aa00000] [id=54736]
  0x000001916c7d7a50 ConcurrentGCThread "G1 Main Marker" [stack: 0x000000420aa00000,0x000000420ab00000] [id=57460]
  0x000001916c7d8380 ConcurrentGCThread "G1 Conc#0" [stack: 0x000000420ab00000,0x000000420ac00000] [id=54528]

[error occurred during error reporting (printing all threads), id 0xc0000005, EXCEPTION_ACCESS_VIOLATION (0xc0000005) at pc=0x00007ff9dec11907]

VM state: not at safepoint (not fully initialized)

VM Mutex/Monitor currently owned by a thread:  ([mutex/lock_event])
[0x000001916c793470] Heap_lock - owner thread: 0x000001916c798110

Heap address: 0x00000000e0000000, size: 512 MB, Compressed Oops mode: 32-bit

CDS archive(s) mapped at: [0x0000000000000000-0x0000000000000000-0x0000000000000000), size 0, SharedBaseAddress: 0x0000000800000000, ArchiveRelocationMode: 1.
Narrow klass base: 0x0000000000000000, Narrow klass shift: 0, Narrow klass range: 0x0

GC Precious Log:
<Empty>

Heap:
 garbage-first heap   total 0K, used 0K [0x00000000e0000000, 0x0000000100000000)
  region size 1024K, 0 young (0K), 0 survivors (0K)
 Metaspace       used 0K, committed 0K, reserved 0K
  class space    used 0K, committed 0K, reserved 0K

Heap Regions: E=young(eden), S=young(survivor), O=old, HS=humongous(starts), HC=humongous(continues), CS=collection set, F=free, OA=open archive, CA=closed archive, TAMS=top-at-mark-start (previous, next)

Card table byte_map: [0x000001917f2c0000,0x000001917f3c0000] _byte_map_base: 0x000001917ebc0000

Marking Bits (Prev, Next): (CMBitMap*) 0x000001916c7d5140, (CMBitMap*) 0x000001916c7d5180
 Prev Bits: [0x000001917f4c0000, 0x000001917fcc0000)
 Next Bits: [0x0000019100000000, 0x0000019100800000)

GC Heap History (0 events):
No events

Dll operation events (1 events):
Event: 0.015 Loaded shared library C:\Program Files\Android\Android Studio\jbr\bin\java.dll

Deoptimization events (0 events):
No events

Classes unloaded (0 events):
No events

Classes redefined (0 events):
No events

Internal exceptions (0 events):
No events

VM Operations (0 events):
No events

Events (0 events):
No events


Dynamic libraries:
0x00007ff6722c0000 - 0x00007ff6722ca000 	C:\Program Files\Android\Android Studio\jbr\bin\java.exe
0x00007ffaa5b90000 - 0x00007ffaa5da7000 	C:\Windows\SYSTEM32\ntdll.dll
0x00007ffaa38c0000 - 0x00007ffaa3984000 	C:\Windows\System32\KERNEL32.DLL
0x00007ffaa3120000 - 0x00007ffaa34cd000 	C:\Windows\System32\KERNELBASE.dll
0x00007ffaa3000000 - 0x00007ffaa3111000 	C:\Windows\System32\ucrtbase.dll
0x00007ffa8c540000 - 0x00007ffa8c55b000 	C:\Program Files\Android\Android Studio\jbr\bin\VCRUNTIME140.dll
0x00007ffa7a970000 - 0x00007ffa7a987000 	C:\Program Files\Android\Android Studio\jbr\bin\jli.dll
0x00007ffaa4c10000 - 0x00007ffaa4dbe000 	C:\Windows\System32\USER32.dll
0x00007ffaa2f30000 - 0x00007ffaa2f56000 	C:\Windows\System32\win32u.dll
0x00007ffaa42e0000 - 0x00007ffaa4309000 	C:\Windows\System32\GDI32.dll
0x00007ffaa3730000 - 0x00007ffaa3849000 	C:\Windows\System32\gdi32full.dll
0x00007ffaa2f60000 - 0x00007ffaa2ffa000 	C:\Windows\System32\msvcp_win.dll
0x00007ffa8f430000 - 0x00007ffa8f6c3000 	C:\Windows\WinSxS\amd64_microsoft.windows.common-controls_6595b64144ccf1df_6.0.22621.3672_none_2713b9d173822955\COMCTL32.dll
0x00007ffaa48f0000 - 0x00007ffaa4997000 	C:\Windows\System32\msvcrt.dll
0x00007ffaa4dc0000 - 0x00007ffaa4df1000 	C:\Windows\System32\IMM32.DLL
0x00007ffa995b0000 - 0x00007ffa995bc000 	C:\Program Files\Android\Android Studio\jbr\bin\vcruntime140_1.dll
0x00007ffa5bc30000 - 0x00007ffa5bcbd000 	C:\Program Files\Android\Android Studio\jbr\bin\msvcp140.dll
0x00007ff9de920000 - 0x00007ff9df5a3000 	C:\Program Files\Android\Android Studio\jbr\bin\server\jvm.dll
0x00007ffaa4b50000 - 0x00007ffaa4c02000 	C:\Windows\System32\ADVAPI32.dll
0x00007ffaa49a0000 - 0x00007ffaa4a49000 	C:\Windows\System32\sechost.dll
0x00007ffaa3700000 - 0x00007ffaa3728000 	C:\Windows\System32\bcrypt.dll
0x00007ffaa47d0000 - 0x00007ffaa48e4000 	C:\Windows\System32\RPCRT4.dll
0x00007ffa99570000 - 0x00007ffa99579000 	C:\Windows\SYSTEM32\WSOCK32.dll
0x00007ffaa1d20000 - 0x00007ffaa1d6d000 	C:\Windows\SYSTEM32\POWRPROF.dll
0x00007ffa97d30000 - 0x00007ffa97d64000 	C:\Windows\SYSTEM32\WINMM.dll
0x00007ffa973d0000 - 0x00007ffa973da000 	C:\Windows\SYSTEM32\VERSION.dll
0x00007ffaa4310000 - 0x00007ffaa4381000 	C:\Windows\System32\ws2_32.DLL
0x00007ffaa1d00000 - 0x00007ffaa1d13000 	C:\Windows\SYSTEM32\UMPDC.dll
0x00007ffaa1f50000 - 0x00007ffaa1f68000 	C:\Windows\SYSTEM32\kernel.appcore.dll
0x00007ffa99540000 - 0x00007ffa9954a000 	C:\Program Files\Android\Android Studio\jbr\bin\jimage.dll
0x00007ffaa0280000 - 0x00007ffaa04b2000 	C:\Windows\SYSTEM32\DBGHELP.DLL
0x00007ffaa3d30000 - 0x00007ffaa40be000 	C:\Windows\System32\combase.dll
0x00007ffaa4390000 - 0x00007ffaa4467000 	C:\Windows\System32\OLEAUT32.dll
0x00007ffa6d620000 - 0x00007ffa6d652000 	C:\Windows\SYSTEM32\dbgcore.DLL
0x00007ffaa2eb0000 - 0x00007ffaa2f2b000 	C:\Windows\System32\bcryptPrimitives.dll
0x00007ffa8c390000 - 0x00007ffa8c3b5000 	C:\Program Files\Android\Android Studio\jbr\bin\java.dll

dbghelp: loaded successfully - version: 4.0.5 - missing functions: none
symbol engine: initialized successfully - sym options: 0x614 - pdb path: .;C:\Program Files\Android\Android Studio\jbr\bin;C:\Windows\SYSTEM32;C:\Windows\WinSxS\amd64_microsoft.windows.common-controls_6595b64144ccf1df_6.0.22621.3672_none_2713b9d173822955;C:\Program Files\Android\Android Studio\jbr\bin\server

VM Arguments:
jvm_args: -Djava.awt.headless=true -Djava.library.path=C:\Program Files\Android\Android Studio\jbr\bin;C:\Windows\Sun\Java\bin;C:\Windows\system32;C:\Windows;C:\Users\andre\AppData\Local\Programs\Python\Python312\Scripts;C:\Program Files (x86)\VMware\VMware Workstation\bin\;C:\Program Files\Java\jdk-17\bin;C:\Program Files\Common Files\Oracle\Java\javapath;C:\Windows\system32;C:\Windows;C:\Windows\System32\Wbem;C:\Windows\System32\WindowsPowerShell\v1.0\;C:\Windows\System32\OpenSSH\;C:\Program Files (x86)\NVIDIA Corporation\PhysX\Common;C:\Program Files\NVIDIA Corporation\NVIDIA NvDLISR;C:\Program Files\Java\jdk-22\bin;C:\apache-maven-3.9.9\bin;C:\Users\andre\AppData\Local\Programs\Python\Launcher\;C:\Program Files\Git\cmd;C:\Users\andre\AppData\Local\Programs\Python\Python312\Scripts\;C:\Users\andre\AppData\Local\Programs\Python\Python312\;C:\Users\andre\AppData\Local\Programs\Python\Launcher\;C:\Users\andre\AppData\Local\Microsoft\WindowsApps;C:\Program Files\Java\jdk-22\bin;C:\Program Files\JetBrains\IntelliJ IDEA Community Edition 2024.2.0.2\bin;;C:\Users\andre\AppData\Local\Programs\Microsoft VS Code\bin;C:\Program Files\JetBrains\IntelliJ IDEA 2024.2.0.2\bin;;;.;C:\trabajos tecsup\programacion moviles\LaboratorioCalificado01\app\src\testDebug\jniLibs;C:\trabajos tecsup\programacion moviles\LaboratorioCalificado01\app\src\test\jniLibs -Dorg.gradle.internal.worker.tmpdir=C:\trabajos tecsup\programacion moviles\LaboratorioCalificado01\app\build\tmp\testDebugUnitTest\work -Dorg.gradle.native=false -Xmx512m -Dfile.encoding=UTF-8 -Duser.country=PE -Duser.language=es -Duser.variant -ea 
java_command: worker.org.gradle.process.internal.worker.GradleWorkerMain 'Gradle Test Executor 1'
java_class_path (initial): C:\Users\andre\.gradle\caches\8.7\workerMain\gradle-worker.jar;C:\trabajos tecsup\programacion moviles\LaboratorioCalificado01\app\build\tmp\kotlin-classes\debugUnitTest;C:\trabajos tecsup\programacion moviles\LaboratorioCalificado01\app\build\intermediates\java_res\debugUnitTest\processDebugUnitTestJavaRes\out;C:\trabajos tecsup\programacion moviles\LaboratorioCalificado01\app\build\intermediates\runtime_app_classes_jar\debug\bundleDebugClassesToRuntimeJar\classes.jar;C:\Users\andre\.gradle\caches\modules-2\files-2.1\junit\junit\4.13.2\8ac9e16d933b6fb43bc7f576336b8f4d7eb5ba12\junit-4.13.2.jar;C:\Users\andre\.gradle\caches\transforms-4\9d50dfa5878f243793be1b0af31ed98c\transformed\material-1.12.0-runtime.jar;C:\Users\andre\.gradle\caches\transforms-4\69d89ddf35cdef8d9771e03c8e528c9e\transformed\constraintlayout-2.1.4-runtime.jar;C:\Users\andre\.gradle\caches\transforms-4\ece50937d6451c4fe9a940b49e924fe0\transformed\appcompat-resources-1.7.0-runtime.jar;C:\Users\andre\.gradle\caches\transforms-4\c93052cc95161c280602fb2e03f00ce1\transformed\appcompat-1.7.0-runtime.jar;C:\Users\andre\.gradle\caches\transforms-4\d422d752a0aac7c992b64bc08648c127\transformed\viewpager2-1.0.0-runtime.jar;C:\Users\andre\.gradle\caches\transforms-4\86dffd259daf132213454d58b257a113\transformed\fragment-1.5.4-runtime.jar;C:\Users\andre\.gradle\caches\transforms-4\893543319a73d4e52f102e13b8cf7946\transformed\activity-1.9.2-runtime.jar;C:\Users\andre\.gradle\caches\transforms-4\a9d442f238cc00149914031c9d21432a\transformed\core-ktx-1.13.1-runtime.jar;C:\Users\andre\.gradle\caches\transforms-4\6c71bd2caab939050270574a391bdd9a\transformed\emoji2-views-helper-1.3.0-runtime.jar;C:\Users\andre\.gradle\caches\transforms-4\481e8752b5b4cd169ad044e58ed797d2\transformed\emoji2-1.3.0-runtime.jar;C:\Users\andre\.gradle\caches\transforms-4\1c9c89c173645a7180ab36851c7ed9ba\transformed\drawerlayout-1.1.1-runtime.jar;C:\Users\andre\.gradle\caches\transforms-4\f9653d22bd00ab62ded11b2df
Launcher Type: SUN_STANDARD

[Global flags]
     intx CICompilerCount                          = 4                                         {product} {ergonomic}
     uint ConcGCThreads                            = 3                                         {product} {ergonomic}
     uint G1ConcRefinementThreads                  = 10                                        {product} {ergonomic}
   size_t G1HeapRegionSize                         = 1048576                                   {product} {ergonomic}
    uintx GCDrainStackTargetSize                   = 64                                        {product} {ergonomic}
   size_t InitialHeapSize                          = 130023424                                 {product} {ergonomic}
   size_t MarkStackSize                            = 4194304                                   {product} {ergonomic}
   size_t MaxHeapSize                              = 536870912                                 {product} {command line}
   size_t MinHeapDeltaBytes                        = 1048576                                   {product} {ergonomic}
   size_t MinHeapSize                              = 8388608                                   {product} {ergonomic}
    uintx NonNMethodCodeHeapSize                   = 5839372                                {pd product} {ergonomic}
    uintx NonProfiledCodeHeapSize                  = 122909434                              {pd product} {ergonomic}
    uintx ProfiledCodeHeapSize                     = 122909434                              {pd product} {ergonomic}
    uintx ReservedCodeCacheSize                    = 251658240                              {pd product} {ergonomic}
     bool SegmentedCodeCache                       = true                                      {product} {ergonomic}
   size_t SoftMaxHeapSize                          = 536870912                              {manageable} {ergonomic}
     bool UseCompressedClassPointers               = true                           {product lp64_product} {ergonomic}
     bool UseCompressedOops                        = true                           {product lp64_product} {ergonomic}
     bool UseG1GC                                  = true                                      {product} {ergonomic}
     bool UseLargePagesIndividualAllocation        = false                                  {pd product} {ergonomic}

Logging:
Log output configuration:
 #0: stdout all=warning uptime,level,tags
 #1: stderr all=off uptime,level,tags

Environment Variables:
PATH=C:\Users\andre\AppData\Local\Programs\Python\Python312\Scripts;C:\Program Files (x86)\VMware\VMware Workstation\bin\;C:\Program Files\Java\jdk-17\bin;C:\Program Files\Common Files\Oracle\Java\javapath;C:\Windows\system32;C:\Windows;C:\Windows\System32\Wbem;C:\Windows\System32\WindowsPowerShell\v1.0\;C:\Windows\System32\OpenSSH\;C:\Program Files (x86)\NVIDIA Corporation\PhysX\Common;C:\Program Files\NVIDIA Corporation\NVIDIA NvDLISR;C:\Program Files\Java\jdk-22\bin;C:\apache-maven-3.9.9\bin;C:\Users\andre\AppData\Local\Programs\Python\Launcher\;C:\Program Files\Git\cmd;C:\Users\andre\AppData\Local\Programs\Python\Python312\Scripts\;C:\Users\andre\AppData\Local\Programs\Python\Python312\;C:\Users\andre\AppData\Local\Programs\Python\Launcher\;C:\Users\andre\AppData\Local\Microsoft\WindowsApps;C:\Program Files\Java\jdk-22\bin;C:\Program Files\JetBrains\IntelliJ IDEA Community Edition 2024.2.0.2\bin;;C:\Users\andre\AppData\Local\Programs\Microsoft VS Code\bin;C:\Program Files\JetBrains\IntelliJ IDEA 2024.2.0.2\bin;;
USERNAME=andre
OS=Windows_NT
PROCESSOR_IDENTIFIER=Intel64 Family 6 Model 186 Stepping 2, GenuineIntel
TMP=C:\Users\andre\AppData\Local\Temp
TEMP=C:\Users\andre\AppData\Local\Temp



Periodic native trim disabled

JNI global refs:
JNI global refs: 0, weak refs: 0

JNI global refs memory usage: 0, weak refs: 0

Process memory usage:
Resident Set Size: 11756K (0% of 8085368K total physical memory with 36316K free physical memory)

OOME stack traces (most recent first):
Classloader memory used:


---------------  S Y S T E M  ---------------

OS:
 Windows 11 , 64 bit Build 22621 (10.0.22621.3958)
OS uptime: 2 days 18:46 hours
Hyper-V role detected

CPU: total 12 (initial active 12) (6 cores per cpu, 2 threads per core) family 6 model 186 stepping 2 microcode 0x4112, cx8, cmov, fxsr, ht, mmx, 3dnowpref, sse, sse2, sse3, ssse3, sse4.1, sse4.2, popcnt, lzcnt, tsc, tscinvbit, avx, avx2, aes, erms, clmul, bmi1, bmi2, adx, sha, fma, vzeroupper, clflush, clflushopt, clwb, hv
Processor Information for processor 0
  Max Mhz: 2100, Current Mhz: 2100, Mhz Limit: 2100
Processor Information for processor 1
  Max Mhz: 2100, Current Mhz: 2100, Mhz Limit: 2100
Processor Information for processor 2
  Max Mhz: 2100, Current Mhz: 2100, Mhz Limit: 2100
Processor Information for processor 3
  Max Mhz: 2100, Current Mhz: 2100, Mhz Limit: 2100
Processor Information for processor 4
  Max Mhz: 2100, Current Mhz: 2100, Mhz Limit: 2100
Processor Information for processor 5
  Max Mhz: 2100, Current Mhz: 2100, Mhz Limit: 2100
Processor Information for processor 6
  Max Mhz: 2100, Current Mhz: 2100, Mhz Limit: 2100
Processor Information for processor 7
  Max Mhz: 2100, Current Mhz: 2100, Mhz Limit: 2100
Processor Information for processor 8
  Max Mhz: 2100, Current Mhz: 1500, Mhz Limit: 1491
Processor Information for processor 9
  Max Mhz: 2100, Current Mhz: 1500, Mhz Limit: 1491
Processor Information for processor 10
  Max Mhz: 2100, Current Mhz: 1500, Mhz Limit: 1491
Processor Information for processor 11
  Max Mhz: 2100, Current Mhz: 1500, Mhz Limit: 1491

Memory: 4k page, system-wide physical 7895M (33M free)
TotalPageFile size 20183M (AvailPageFile size 92M)
current process WorkingSet (physical memory assigned to process): 11M, peak: 11M
current process commit charge ("private bytes"): 64M, peak: 188M

vm_info: OpenJDK 64-Bit Server VM (17.0.11+0--11852314) for windows-amd64 JRE (17.0.11+0--11852314), built on May 16 2024 21:29:20 by "androidbuild" with MS VC++ 16.10 / 16.11 (VS2019)

END.
